生成启动时间为 2015/4/20 19:31:46。
     1>项目“D:\workspace\Cocos2d-X-Projects\FishGame\proj.win32\FishGame.vcxproj”在节点 2 上(Build 个目标)。
     1>ClCompile:
         C:\Program Files (x86)\Microsoft Visual Studio 12.0\VC\bin\CL.exe /c /I"C:\Cocos\frameworks\cocos2d-x-3.4rc1\cocos\audio\include" /I"C:\Cocos\frameworks\cocos2d-x-3.4rc1\external" /I"C:\Cocos\frameworks\cocos2d-x-3.4rc1\external\chipmunk\include\chipmunk" /I"C:\Cocos\frameworks\cocos2d-x-3.4rc1\extensions" /I..\Classes /I.. /I"C:\Cocos\frameworks\cocos2d-x-3.4rc1\cocos\2d\..\..\cocos\editor-support" /I"C:\Cocos\frameworks\cocos2d-x-3.4rc1\cocos\2d\..\..\cocos" /I"C:\Cocos\frameworks\cocos2d-x-3.4rc1\cocos\2d\..\..\cocos\platform" /I"C:\Cocos\frameworks\cocos2d-x-3.4rc1\cocos\2d\..\..\cocos\platform\desktop" /I"C:\Cocos\frameworks\cocos2d-x-3.4rc1\cocos\2d\..\..\external\glfw3\include\win32" /I"C:\Cocos\frameworks\cocos2d-x-3.4rc1\cocos\2d\..\..\external\win32-specific\gles\include\OGLES" /I"C:\Cocos\frameworks\cocos2d-x-3.4rc1\cocos\2d\..\..\\" /ZI /nologo /W3 /WX- /MP /Od /Oy- /D WIN32 /D _WINDOWS /D _USE_MATH_DEFINES /D GL_GLEXT_PROTOTYPES /D CC_ENABLE_CHIPMUNK_INTEGRATION=1 /D COCOS2D_DEBUG=1 /D _CRT_SECURE_NO_WARNINGS /D _SCL_SECURE_NO_WARNINGS /D _VARIADIC_MAX=10 /D _UNICODE /D UNICODE /Gm- /EHsc /RTC1 /MD /GS /fp:precise /Zc:wchar_t /Zc:forScope /Fo"Debug.win32\\" /Fd"Debug.win32\vc120.pdb" /Gd /TP /wd4267 /wd4251 /wd4244 /analyze- /errorReport:prompt ..\Classes\RollNum.cpp ..\Classes\RollNumGroup.cpp
         RollNum.cpp
         RollNumGroup.cpp
     1>d:\workspace\cocos2d-x-projects\fishgame\classes\rollnum.h(35): warning C4996: 'cocos2d::Array': 被声明为已否决 (..\Classes\RollNumGroup.cpp)
                 c:\cocos\frameworks\cocos2d-x-3.4rc1\cocos\deprecated\ccdeprecated.h(1035) : 参见“cocos2d::Array”的声明
     1>d:\workspace\cocos2d-x-projects\fishgame\classes\rollnum.h(37): warning C4996: 'cocos2d::Array': 被声明为已否决 (..\Classes\RollNumGroup.cpp)
                 c:\cocos\frameworks\cocos2d-x-3.4rc1\cocos\deprecated\ccdeprecated.h(1035) : 参见“cocos2d::Array”的声明
     1>d:\workspace\cocos2d-x-projects\fishgame\classes\rollnum.h(35): warning C4996: 'cocos2d::Array': 被声明为已否决 (..\Classes\RollNum.cpp)
                 c:\cocos\frameworks\cocos2d-x-3.4rc1\cocos\deprecated\ccdeprecated.h(1035) : 参见“cocos2d::Array”的声明
     1>d:\workspace\cocos2d-x-projects\fishgame\classes\gamelayer.h(26): warning C4996: 'cocos2d::Array': 被声明为已否决 (..\Classes\RollNumGroup.cpp)
                 c:\cocos\frameworks\cocos2d-x-3.4rc1\cocos\deprecated\ccdeprecated.h(1035) : 参见“cocos2d::Array”的声明
                 c:\cocos\frameworks\cocos2d-x-3.4rc1\cocos\deprecated\ccdeprecated.h(1035) : 参见“cocos2d::Array”的声明
                 c:\cocos\frameworks\cocos2d-x-3.4rc1\cocos\deprecated\ccdeprecated.h(1035) : 参见“cocos2d::Array”的声明
     1>d:\workspace\cocos2d-x-projects\fishgame\classes\rollnum.h(37): warning C4996: 'cocos2d::Array': 被声明为已否决 (..\Classes\RollNum.cpp)
                 c:\cocos\frameworks\cocos2d-x-3.4rc1\cocos\deprecated\ccdeprecated.h(1035) : 参见“cocos2d::Array”的声明
     1>d:\workspace\cocos2d-x-projects\fishgame\classes\gamelayer.h(27): warning C4996: 'cocos2d::Array': 被声明为已否决 (..\Classes\RollNumGroup.cpp)
                 c:\cocos\frameworks\cocos2d-x-3.4rc1\cocos\deprecated\ccdeprecated.h(1035) : 参见“cocos2d::Array”的声明
                 c:\cocos\frameworks\cocos2d-x-3.4rc1\cocos\deprecated\ccdeprecated.h(1035) : 参见“cocos2d::Array”的声明
                 c:\cocos\frameworks\cocos2d-x-3.4rc1\cocos\deprecated\ccdeprecated.h(1035) : 参见“cocos2d::Array”的声明
     1>d:\workspace\cocos2d-x-projects\fishgame\classes\gamelayer.h(26): warning C4996: 'cocos2d::Array': 被声明为已否决 (..\Classes\RollNum.cpp)
                 c:\cocos\frameworks\cocos2d-x-3.4rc1\cocos\deprecated\ccdeprecated.h(1035) : 参见“cocos2d::Array”的声明
                 c:\cocos\frameworks\cocos2d-x-3.4rc1\cocos\deprecated\ccdeprecated.h(1035) : 参见“cocos2d::Array”的声明
                 c:\cocos\frameworks\cocos2d-x-3.4rc1\cocos\deprecated\ccdeprecated.h(1035) : 参见“cocos2d::Array”的声明
     1>d:\workspace\cocos2d-x-projects\fishgame\classes\gamelayer.h(27): warning C4996: 'cocos2d::Array': 被声明为已否决 (..\Classes\RollNum.cpp)
                 c:\cocos\frameworks\cocos2d-x-3.4rc1\cocos\deprecated\ccdeprecated.h(1035) : 参见“cocos2d::Array”的声明
                 c:\cocos\frameworks\cocos2d-x-3.4rc1\cocos\deprecated\ccdeprecated.h(1035) : 参见“cocos2d::Array”的声明
                 c:\cocos\frameworks\cocos2d-x-3.4rc1\cocos\deprecated\ccdeprecated.h(1035) : 参见“cocos2d::Array”的声明
     1>d:\workspace\cocos2d-x-projects\fishgame\classes\rollnum.cpp(17): warning C4996: 'cocos2d::Node::unscheduleAllSelectors': 被声明为已否决
                 c:\cocos\frameworks\cocos2d-x-3.4rc1\cocos\2d\ccnode.h(1361) : 参见“cocos2d::Node::unscheduleAllSelectors”的声明
     1>d:\workspace\cocos2d-x-projects\fishgame\classes\rollnum.cpp(54): warning C4996: 'cocos2d::Sprite::setDisplayFrame': 被声明为已否决
                 c:\cocos\frameworks\cocos2d-x-3.4rc1\cocos\2d\ccsprite.h(230) : 参见“cocos2d::Sprite::setDisplayFrame”的声明
                 c:\cocos\frameworks\cocos2d-x-3.4rc1\cocos\2d\ccsprite.h(230) : 参见“cocos2d::Sprite::setDisplayFrame”的声明
       PreLinkEvent:
         if not exist "D:\workspace\Cocos2d-X-Projects\FishGame\proj.win32\Debug.win32\" mkdir "D:\workspace\Cocos2d-X-Projects\FishGame\proj.win32\Debug.win32\"
         xcopy /Y /Q "C:\Cocos\frameworks\cocos2d-x-3.4rc1\prebuilt\win32\*.*" "D:\workspace\Cocos2d-X-Projects\FishGame\proj.win32\Debug.win32\"
         
         :VCEnd
         复制了 49 个文件
       Link:
         C:\Program Files (x86)\Microsoft Visual Studio 12.0\VC\bin\link.exe /ERRORREPORT:PROMPT /OUT:"D:\workspace\Cocos2d-X-Projects\FishGame\proj.win32\Debug.win32\FishGame.exe" /INCREMENTAL /NOLOGO /LIBPATH:"D:\workspace\Cocos2d-X-Projects\FishGame\proj.win32\Debug.win32\\" /LIBPATH:"D:\workspace\Cocos2d-X-Projects\FishGame\proj.win32\Debug.win32\\" opengl32.lib glew32.lib libzlib.lib libpng.lib libjpeg.lib libtiff.lib libwebp.lib libiconv.lib glfw3.lib freetype250.lib winmm.lib ws2_32.lib libchipmunk.lib kernel32.lib user32.lib gdi32.lib winspool.lib comdlg32.lib advapi32.lib shell32.lib ole32.lib oleaut32.lib uuid.lib odbc32.lib odbccp32.lib /MANIFEST /MANIFESTUAC:"level='asInvoker' uiAccess='false'" /manifest:embed /DEBUG /PDB:"D:\workspace\Cocos2d-X-Projects\FishGame\proj.win32\Debug.win32\FishGame.pdb" /SUBSYSTEM:WINDOWS /TLBID:1 /DYNAMICBASE /NXCOMPAT /IMPLIB:"D:\workspace\Cocos2d-X-Projects\FishGame\proj.win32\Debug.win32\FishGame.lib" /MACHINE:X86 /SAFESEH Debug.win32\game.res
         Debug.win32\AppDelegate.obj
         Debug.win32\Bullet.obj
         Debug.win32\Cannon.obj
         Debug.win32\Fish.obj
         Debug.win32\GameLayer.obj
         Debug.win32\RollNum.obj
         Debug.win32\RollNumGroup.obj
         Debug.win32\main.obj
         FishGame.vcxproj -> D:\workspace\Cocos2d-X-Projects\FishGame\proj.win32\Debug.win32\FishGame.exe
     1>已完成生成项目“D:\workspace\Cocos2d-X-Projects\FishGame\proj.win32\FishGame.vcxproj”(Build 个目标)的操作。

生成成功。

已用时间 00:00:26.15
